# JRE version: OpenJDK Runtime Environment (17.0.11) (build 17.0.11+0--11852314)
# Java VM: OpenJDK 64-Bit Server VM (17.0.11+0--11852314, mixed mode, tiered, compressed oops, compressed class ptrs, g1 gc, windows-amd64)
GC Precious Log:
 CPUs: 16 total, 16 available
 Memory: 16320M
 Large Page Support: Disabled
 NUMA Support: Disabled
 Compressed Oops: Enabled (32-bit)
 Heap Region Size: 1M
 Heap Min Capacity: 8M
 Heap Initial Capacity: 256M
 Heap Max Capacity: 2G
 Pre-touch: Disabled
 Parallel Workers: 13
 Concurrent Workers: 3
 Concurrent Refinement Workers: 13
 Periodic GC: Disabled
Heap:
 garbage-first heap   total 209920K, used 78481K [0x0000000080000000, 0x0000000100000000)
  region size 1024K, 1 young (1024K), 1 survivors (1024K)
 Metaspace       used 97821K, committed 98560K, reserved 1179648K
  class space    used 13404K, committed 13760K, reserved 1048576K
GC Heap History (20 events):
Event: 39.587 GC heap after
{Heap after GC invocations=38 (full 0):
 garbage-first heap   total 119808K, used 67083K [0x0000000080000000, 0x0000000100000000)
  region size 1024K, 2 young (2048K), 2 survivors (2048K)
 Metaspace       used 81948K, committed 82624K, reserved 1179648K
  class space    used 11131K, committed 11456K, reserved 1048576K
}
Event: 39.641 GC heap before
{Heap before GC invocations=38 (full 0):
 garbage-first heap   total 119808K, used 70155K [0x0000000080000000, 0x0000000100000000)
  region size 1024K, 5 young (5120K), 2 survivors (2048K)
 Metaspace       used 82164K, committed 82816K, reserved 1179648K
  class space    used 11177K, committed 11520K, reserved 1048576K
}
Event: 39.643 GC heap after
{Heap after GC invocations=39 (full 0):
 garbage-first heap   total 119808K, used 66680K [0x0000000080000000, 0x0000000100000000)
  region size 1024K, 1 young (1024K), 1 survivors (1024K)
 Metaspace       used 82164K, committed 82816K, reserved 1179648K
  class space    used 11177K, committed 11520K, reserved 1048576K
}
Event: 40.165 GC heap before
{Heap before GC invocations=39 (full 0):
 garbage-first heap   total 119808K, used 100472K [0x0000000080000000, 0x0000000100000000)
  region size 1024K, 34 young (34816K), 1 survivors (1024K)
 Metaspace       used 84663K, committed 85312K, reserved 1179648K
  class space    used 11608K, committed 11968K, reserved 1048576K
}
Event: 40.168 GC heap after
{Heap after GC invocations=40 (full 0):
 garbage-first heap   total 119808K, used 67934K [0x0000000080000000, 0x0000000100000000)
  region size 1024K, 2 young (2048K), 2 survivors (2048K)
 Metaspace       used 84663K, committed 85312K, reserved 1179648K
  class space    used 11608K, committed 11968K, reserved 1048576K
}
Event: 40.599 GC heap before
{Heap before GC invocations=41 (full 0):
 garbage-first heap   total 119808K, used 100702K [0x0000000080000000, 0x0000000100000000)
  region size 1024K, 34 young (34816K), 2 survivors (2048K)
 Metaspace       used 87330K, committed 88064K, reserved 1179648K
  class space    used 11984K, committed 12352K, reserved 1048576K
}
Event: 40.602 GC heap after
{Heap after GC invocations=42 (full 0):
 garbage-first heap   total 119808K, used 70045K [0x0000000080000000, 0x0000000100000000)
  region size 1024K, 4 young (4096K), 4 survivors (4096K)
 Metaspace       used 87330K, committed 88064K, reserved 1179648K
  class space    used 11984K, committed 12352K, reserved 1048576K
}
Event: 40.612 GC heap before
{Heap before GC invocations=42 (full 0):
 garbage-first heap   total 119808K, used 71069K [0x0000000080000000, 0x0000000100000000)
  region size 1024K, 5 young (5120K), 4 survivors (4096K)
 Metaspace       used 87406K, committed 88128K, reserved 1179648K
  class space    used 11995K, committed 12352K, reserved 1048576K
}
Event: 40.616 GC heap after
{Heap after GC invocations=43 (full 0):
 garbage-first heap   total 119808K, used 69907K [0x0000000080000000, 0x0000000100000000)
  region size 1024K, 1 young (1024K), 1 survivors (1024K)
 Metaspace       used 87406K, committed 88128K, reserved 1179648K
  class space    used 11995K, committed 12352K, reserved 1048576K
}
Event: 41.035 GC heap before
{Heap before GC invocations=43 (full 0):
 garbage-first heap   total 119808K, used 100627K [0x0000000080000000, 0x0000000100000000)
  region size 1024K, 31 young (31744K), 1 survivors (1024K)
 Metaspace       used 89616K, committed 90304K, reserved 1179648K
  class space    used 12326K, committed 12672K, reserved 1048576K
}
Event: 41.037 GC heap after
{Heap after GC invocations=44 (full 0):
 garbage-first heap   total 119808K, used 70882K [0x0000000080000000, 0x0000000100000000)
  region size 1024K, 2 young (2048K), 2 survivors (2048K)
 Metaspace       used 89616K, committed 90304K, reserved 1179648K
  class space    used 12326K, committed 12672K, reserved 1048576K
}
Event: 41.427 GC heap before
{Heap before GC invocations=45 (full 0):
 garbage-first heap   total 122880K, used 101602K [0x0000000080000000, 0x0000000100000000)
  region size 1024K, 32 young (32768K), 2 survivors (2048K)
 Metaspace       used 92723K, committed 93440K, reserved 1179648K
  class space    used 12775K, committed 13120K, reserved 1048576K
}
Event: 41.430 GC heap after
{Heap after GC invocations=46 (full 0):
 garbage-first heap   total 122880K, used 72481K [0x0000000080000000, 0x0000000100000000)
  region size 1024K, 3 young (3072K), 3 survivors (3072K)
 Metaspace       used 92723K, committed 93440K, reserved 1179648K
  class space    used 12775K, committed 13120K, reserved 1048576K
}
Event: 41.464 GC heap before
{Heap before GC invocations=46 (full 0):
 garbage-first heap   total 122880K, used 75553K [0x0000000080000000, 0x0000000100000000)
  region size 1024K, 6 young (6144K), 3 survivors (3072K)
 Metaspace       used 92902K, committed 93696K, reserved 1179648K
  class space    used 12798K, committed 13184K, reserved 1048576K
}
Event: 41.467 GC heap after
{Heap after GC invocations=47 (full 0):
 garbage-first heap   total 122880K, used 72351K [0x0000000080000000, 0x0000000100000000)
  region size 1024K, 1 young (1024K), 1 survivors (1024K)
 Metaspace       used 92902K, committed 93696K, reserved 1179648K
  class space    used 12798K, committed 13184K, reserved 1048576K
}
Event: 41.765 GC heap before
{Heap before GC invocations=47 (full 0):
 garbage-first heap   total 122880K, used 102047K [0x0000000080000000, 0x0000000100000000)
  region size 1024K, 31 young (31744K), 1 survivors (1024K)
 Metaspace       used 94762K, committed 95488K, reserved 1179648K
  class space    used 13014K, committed 13376K, reserved 1048576K
}
Event: 41.769 GC heap after
{Heap after GC invocations=48 (full 0):
 garbage-first heap   total 122880K, used 75687K [0x0000000080000000, 0x0000000100000000)
  region size 1024K, 4 young (4096K), 4 survivors (4096K)
 Metaspace       used 94762K, committed 95488K, reserved 1179648K
  class space    used 13014K, committed 13376K, reserved 1048576K
}
Event: 42.090 GC heap before
{Heap before GC invocations=49 (full 0):
 garbage-first heap   total 137216K, used 104359K [0x0000000080000000, 0x0000000100000000)
  region size 1024K, 28 young (28672K), 4 survivors (4096K)
 Metaspace       used 97613K, committed 98304K, reserved 1179648K
  class space    used 13387K, committed 13760K, reserved 1048576K
}
Event: 42.094 GC heap after
{Heap after GC invocations=50 (full 0):
 garbage-first heap   total 137216K, used 77999K [0x0000000080000000, 0x0000000100000000)
  region size 1024K, 4 young (4096K), 4 survivors (4096K)
 Metaspace       used 97613K, committed 98304K, reserved 1179648K
  class space    used 13387K, committed 13760K, reserved 1048576K
}
Event: 42.143 GC heap before
{Heap before GC invocations=50 (full 0):
 garbage-first heap   total 137216K, used 80047K [0x0000000080000000, 0x0000000100000000)
  region size 1024K, 6 young (6144K), 4 survivors (4096K)
 Metaspace       used 97821K, committed 98560K, reserved 1179648K
  class space    used 13404K, committed 13760K, reserved 1048576K
}

